<?xml version="1.0" encoding="UTF-8"?>
<testsuite xmlns:xsi="http://www.w3.org/2001/XMLSchema-instance" xsi:noNamespaceSchemaLocation="https://maven.apache.org/surefire/maven-surefire-plugin/xsd/surefire-test-report-3.0.xsd" version="3.0" name="runner.SmokeRunner" time="9.677" tests="1" errors="0" skipped="0" failures="0">
  <properties>
[...]
</properties>
  <testcase name="validate admin login" classname="test the login functionality" time="7.699">
    <system-out><![CDATA[
@login
Scenario: validate admin login                &amp#27;[90m# src/test/resources/Features/Login.feature:4&amp#27;[0m
  &amp#27;[32mWhen &amp#27;[0m&amp#27;[32muser enters a valid email and password&amp#27;[0m &amp#27;[90m# steps.LoginSteps.user_enters_a_valid_email_and_password()&amp#27;[0m
  &amp#27;[32mAnd &amp#27;[0m&amp#27;[32mclicks on Login Button&amp#27;[0m                  &amp#27;[90m# steps.LoginSteps.clicks_on_login_button()&amp#27;[0m
  &amp#27;[32mThen &amp#27;[0m&amp#27;[32mthe user is logged in&amp#27;[0m                  &amp#27;[90m# steps.LoginSteps.the_user_is_logged_in()&amp#27;[0m
]]></system-out>
    <system-err><![CDATA[SLF4J: Failed to load class "org.slf4j.impl.StaticLoggerBinder".
SLF4J: Defaulting to no-operation (NOP) logger implementation
SLF4J: See http://www.slf4j.org/codes.html#StaticLoggerBinder for further details.
ERROR StatusLogger Log4j2 could not find a logging implementation. Please add log4j-core to the classpath. Using SimpleLogger to log to the console...
Sep 19, 2023 11:36:57 PM org.openqa.selenium.devtools.CdpVersionFinder findNearestMatch
WARNING: Unable to find an exact match for CDP version 116, so returning the closest version found: 115
]]></system-err>
  </testcase>
</testsuite>